#
# There is insufficient memory for the Java Runtime Environment to continue.
# Native memory allocation (malloc) failed to allocate 838576 bytes for Chunk::new
# Possible reasons:
#   The system is out of physical RAM or swap space
#   The process is running with CompressedOops enabled, and the Java Heap may be blocking the growth of the native heap
# Possible solutions:
#   Reduce memory load on the system
#   Increase physical memory or swap space
#   Check if swap backing store is full
#   Decrease Java heap size (-Xmx/-Xms)
#   Decrease number of Java threads
#   Decrease Java thread stack sizes (-Xss)
#   Set larger code cache with -XX:ReservedCodeCacheSize=
#   JVM is running with Unscaled Compressed Oops mode in which the Java heap is
#     placed in the first 4GB address space. The Java Heap base address is the
#     maximum limit for the native heap growth. Please use -XX:HeapBaseMinAddress
#     to set the Java Heap base and to place the Java Heap above 4GB virtual address.
# This output file may be truncated or incomplete.
#
#  Out of Memory Error (./src/hotspot/share/memory/arena.cpp:197), pid=10800, tid=3392
#
# JRE version: OpenJDK Runtime Environment (11.0.10) (build 11.0.10+0-b96-7249189)
# Java VM: OpenJDK 64-Bit Server VM (11.0.10+0-b96-7249189, mixed mode, tiered, compressed oops, g1 gc, windows-amd64)
# No core dump will be written. Minidumps are not enabled by default on client versions of Windows
#

---------------  S U M M A R Y ------------

Command Line: --add-opens=java.base/java.util=ALL-UNNAMED --add-opens=java.base/java.lang=ALL-UNNAMED --add-opens=java.base/java.lang.invoke=ALL-UNNAMED --add-opens=java.base/java.util=ALL-UNNAMED --add-opens=java.prefs/java.util.prefs=ALL-UNNAMED --add-opens=java.prefs/java.util.prefs=ALL-UNNAMED --add-opens=java.base/java.nio.charset=ALL-UNNAMED --add-opens=java.base/java.net=ALL-UNNAMED --add-opens=java.base/java.util.concurrent.atomic=ALL-UNNAMED -Xmx2048m -Dfile.encoding=UTF-8 -Duser.country=US -Duser.language=en -Duser.variant org.gradle.launcher.daemon.bootstrap.GradleDaemon 7.0.2

Host: Intel(R) Core(TM) i5-8265U CPU @ 1.60GHz, 8 cores, 7G,  Windows 10 , 64 bit Build 19041 (10.0.19041.1023)
Time: Thu Nov 11 23:43:44 2021 India Standard Time elapsed time: 15.752176 seconds (0d 0h 0m 15s)

---------------  T H R E A D  ---------------

Current thread (0x0000026250bcb800):  JavaThread "C2 CompilerThread0" daemon [_thread_in_native, id=3392, stack(0x0000008640500000,0x0000008640600000)]


Current CompileTask:
C2:  15752 3818       4       java.lang.invoke.LambdaForm$Name::replaceNames (174 bytes)

Stack: [0x0000008640500000,0x0000008640600000]
Native frames: (J=compiled Java code, j=interpreted, Vv=VM code, C=native code)
V  [jvm.dll+0x5ecfaa]
V  [jvm.dll+0x722bd5]
V  [jvm.dll+0x72412d]
V  [jvm.dll+0x7247e3]
V  [jvm.dll+0x242928]
V  [jvm.dll+0xbc4fc]
V  [jvm.dll+0xbca0c]
V  [jvm.dll+0x352d7d]
V  [jvm.dll+0x197e0c]
V  [jvm.dll+0x1fb70e]
V  [jvm.dll+0x1fa7f4]
V  [jvm.dll+0x18354c]
V  [jvm.dll+0x208ee7]
V  [jvm.dll+0x207731]
V  [jvm.dll+0x6eb1cf]
V  [jvm.dll+0x6e3d45]
V  [jvm.dll+0x5ebe96]
C  [ucrtbase.dll+0x21bb2]
C  [KERNEL32.DLL+0x17034]
C  [ntdll.dll+0x52651]


---------------  P R O C E S S  ---------------

Threads class SMR info:
_java_thread_list=0x0000026251b75660, length=36, elements={
0x00000262356fb800, 0x0000026250b6b000, 0x0000026250b6c800, 0x0000026250bc4000,
0x0000026250bc6000, 0x0000026250bc8000, 0x0000026250bcb800, 0x0000026250bcf800,
0x0000026250357000, 0x0000026250d2d800, 0x00000262527c8000, 0x000002625324a800,
0x0000026252692000, 0x0000026253308000, 0x00000262536b8000, 0x0000026252e84800,
0x00000262537f9800, 0x0000026253cdc800, 0x000002625395b800, 0x0000026253301000,
0x00000262532fd800, 0x00000262532fd000, 0x00000262532fe800, 0x00000262532ff000,
0x0000026253301800, 0x0000026253300000, 0x0000026253302800, 0x0000026253303800,
0x00000262547fe800, 0x0000026254801800, 0x00000262547fd800, 0x0000026254804000,
0x0000026254802800, 0x00000262547ff000, 0x0000026254801000, 0x0000026254805000
}

Java Threads: ( => current thread )
  0x00000262356fb800 JavaThread "main" [_thread_blocked, id=4076, stack(0x000000863f900000,0x000000863fa00000)]
  0x0000026250b6b000 JavaThread "Reference Handler" daemon [_thread_blocked, id=18276, stack(0x0000008640000000,0x0000008640100000)]
  0x0000026250b6c800 JavaThread "Finalizer" daemon [_thread_blocked, id=2924, stack(0x0000008640100000,0x0000008640200000)]
  0x0000026250bc4000 JavaThread "Signal Dispatcher" daemon [_thread_blocked, id=18620, stack(0x0000008640200000,0x0000008640300000)]
  0x0000026250bc6000 JavaThread "Attach Listener" daemon [_thread_blocked, id=17012, stack(0x0000008640300000,0x0000008640400000)]
  0x0000026250bc8000 JavaThread "Service Thread" daemon [_thread_blocked, id=12988, stack(0x0000008640400000,0x0000008640500000)]
=>0x0000026250bcb800 JavaThread "C2 CompilerThread0" daemon [_thread_in_native, id=3392, stack(0x0000008640500000,0x0000008640600000)]
  0x0000026250bcf800 JavaThread "C1 CompilerThread0" daemon [_thread_blocked, id=9484, stack(0x0000008640600000,0x0000008640700000)]
  0x0000026250357000 JavaThread "Sweeper thread" daemon [_thread_blocked, id=22376, stack(0x0000008640700000,0x0000008640800000)]
  0x0000026250d2d800 JavaThread "Common-Cleaner" daemon [_thread_blocked, id=24368, stack(0x0000008640800000,0x0000008640900000)]
  0x00000262527c8000 JavaThread "Daemon health stats" [_thread_blocked, id=10472, stack(0x0000008640d00000,0x0000008640e00000)]
  0x000002625324a800 JavaThread "Incoming local TCP Connector on port 50033" [_thread_in_native, id=24492, stack(0x0000008640e00000,0x0000008640f00000)]
  0x0000026252692000 JavaThread "Daemon periodic checks" [_thread_blocked, id=2972, stack(0x0000008640f00000,0x0000008641000000)]
  0x0000026253308000 JavaThread "Daemon" [_thread_blocked, id=16684, stack(0x0000008641000000,0x0000008641100000)]
  0x00000262536b8000 JavaThread "Handler for socket connection from /127.0.0.1:50033 to /127.0.0.1:50034" [_thread_in_native, id=3124, stack(0x0000008641100000,0x0000008641200000)]
  0x0000026252e84800 JavaThread "Cancel handler" [_thread_blocked, id=13064, stack(0x0000008641200000,0x0000008641300000)]
  0x00000262537f9800 JavaThread "Daemon worker" [_thread_in_native, id=19568, stack(0x0000008641300000,0x0000008641400000)]
  0x0000026253cdc800 JavaThread "Asynchronous log dispatcher for DefaultDaemonConnection: socket connection from /127.0.0.1:50033 to /127.0.0.1:50034" [_thread_blocked, id=17452, stack(0x0000008641400000,0x0000008641500000)]
  0x000002625395b800 JavaThread "Stdin handler" [_thread_blocked, id=13364, stack(0x0000008641500000,0x0000008641600000)]
  0x0000026253301000 JavaThread "Daemon client event forwarder" [_thread_blocked, id=21404, stack(0x0000008641600000,0x0000008641700000)]
  0x00000262532fd800 JavaThread "Cache worker for file hash cache (C:\Users\msi\.gradle\caches\7.0.2\fileHashes)" [_thread_blocked, id=23704, stack(0x0000008640a00000,0x0000008640b00000)]
  0x00000262532fd000 JavaThread "File lock request listener" [_thread_in_native, id=24136, stack(0x0000008641c00000,0x0000008641d00000)]
  0x00000262532fe800 JavaThread "Cache worker for journal cache (C:\Users\msi\.gradle\caches\journal-1)" [_thread_blocked, id=19592, stack(0x0000008641e00000,0x0000008641f00000)]
  0x00000262532ff000 JavaThread "Cache worker for file hash cache (C:\Users\msi\AndroidStudioProjects\CanteenTest\.gradle\7.0.2\fileHashes)" [_thread_blocked, id=16752, stack(0x0000008641f00000,0x0000008642000000)]
  0x0000026253301800 JavaThread "File watcher server" daemon [_thread_in_native, id=20680, stack(0x0000008642000000,0x0000008642100000)]
  0x0000026253300000 JavaThread "File watcher consumer" daemon [_thread_blocked, id=23132, stack(0x0000008642100000,0x0000008642200000)]
  0x0000026253302800 JavaThread "Cache worker for checksums cache (C:\Users\msi\AndroidStudioProjects\CanteenTest\.gradle\checksums)" [_thread_blocked, id=13140, stack(0x0000008642200000,0x0000008642300000)]
  0x0000026253303800 JavaThread "Cache worker for cache directory md-supplier (C:\Users\msi\.gradle\caches\7.0.2\md-supplier)" [_thread_blocked, id=20176, stack(0x0000008642300000,0x0000008642400000)]
  0x00000262547fe800 JavaThread "Cache worker for cache directory md-rule (C:\Users\msi\.gradle\caches\7.0.2\md-rule)" [_thread_blocked, id=20252, stack(0x0000008642400000,0x0000008642500000)]
  0x0000026254801800 JavaThread "Cache worker for execution history cache (C:\Users\msi\.gradle\caches\7.0.2\executionHistory)" [_thread_blocked, id=16264, stack(0x0000008642500000,0x0000008642600000)]
  0x00000262547fd800 JavaThread "jar transforms" [_thread_blocked, id=16012, stack(0x0000008642600000,0x0000008642700000)]
  0x0000026254804000 JavaThread "jar transforms Thread 2" [_thread_blocked, id=4296, stack(0x0000008642700000,0x0000008642800000)]
  0x0000026254802800 JavaThread "Cache worker for file content cache (C:\Users\msi\.gradle\caches\7.0.2\fileContent)" [_thread_blocked, id=8728, stack(0x0000008642900000,0x0000008642a00000)]
  0x00000262547ff000 JavaThread "Cache worker for dependencies-accessors (C:\Users\msi\AndroidStudioProjects\CanteenTest\.gradle\7.0.2\dependencies-accessors)" [_thread_blocked, id=13220, stack(0x0000008642a00000,0x0000008642b00000)]
  0x0000026254801000 JavaThread "jar transforms Thread 3" [_thread_blocked, id=1608, stack(0x0000008642800000,0x0000008642900000)]
  0x0000026254805000 JavaThread "Cache worker for Build Output Cleanup Cache (C:\Users\msi\AndroidStudioProjects\CanteenTest\.gradle\buildOutputCleanup)" [_thread_blocked, id=22412, stack(0x0000008642b00000,0x0000008642c00000)]

Other Threads:
  0x0000026250b67800 VMThread "VM Thread" [stack: 0x000000863ff00000,0x0000008640000000] [id=21808]
  0x0000026250d62000 WatcherThread [stack: 0x0000008640900000,0x0000008640a00000] [id=18664]
  0x0000026235715800 GCTaskThread "GC Thread#0" [stack: 0x000000863fa00000,0x000000863fb00000] [id=7172]
  0x0000026251717800 GCTaskThread "GC Thread#1" [stack: 0x0000008640b00000,0x0000008640c00000] [id=2968]
  0x000002625148b800 GCTaskThread "GC Thread#2" [stack: 0x0000008640c00000,0x0000008640d00000] [id=18612]
  0x0000026253305000 GCTaskThread "GC Thread#3" [stack: 0x0000008641700000,0x0000008641800000] [id=2944]
  0x00000262539f0000 GCTaskThread "GC Thread#4" [stack: 0x0000008641800000,0x0000008641900000] [id=13012]
  0x00000262539f1000 GCTaskThread "GC Thread#5" [stack: 0x0000008641900000,0x0000008641a00000] [id=21480]
  0x0000026253311800 GCTaskThread "GC Thread#6" [stack: 0x0000008641a00000,0x0000008641b00000] [id=11656]
  0x0000026253312000 GCTaskThread "GC Thread#7" [stack: 0x0000008641b00000,0x0000008641c00000] [id=6804]
  0x0000026235746000 ConcurrentGCThread "G1 Main Marker" [stack: 0x000000863fb00000,0x000000863fc00000] [id=17784]
  0x0000026235747800 ConcurrentGCThread "G1 Conc#0" [stack: 0x000000863fc00000,0x000000863fd00000] [id=7056]
  0x000002625271e800 ConcurrentGCThread "G1 Conc#1" [stack: 0x0000008641d00000,0x0000008641e00000] [id=22712]
  0x000002625019b800 ConcurrentGCThread "G1 Refine#0" [stack: 0x000000863fd00000,0x000000863fe00000] [id=22288]
  0x00000262357dd800 ConcurrentGCThread "G1 Young RemSet Sampling" [stack: 0x000000863fe00000,0x000000863ff00000] [id=5444]

Threads with active compile tasks:
C2 CompilerThread0  16663 3818       4       java.lang.invoke.LambdaForm$Name::replaceNames (174 bytes)

VM state:not at safepoint (normal execution)

VM Mutex/Monitor currently owned by a thread: None

Heap address: 0x0000000080000000, size: 2048 MB, Compressed Oops mode: 32-bit
Narrow klass base: 0x0000000000000000, Narrow klass shift: 3
Compressed class space size: 1073741824 Address: 0x0000000100000000

Heap:
 garbage-first heap   total 129024K, used 33294K [0x0000000080000000, 0x0000000100000000)
  region size 1024K, 12 young (12288K), 7 survivors (7168K)
 Metaspace       used 45269K, capacity 46440K, committed 46464K, reserved 1089536K
  class space    used 5823K, capacity 6259K, committed 6272K, reserved 1048576K
Heap Regions: E=young(eden), S=young(survivor), O=old, HS=humongous(starts), HC=humongous(continues), CS=collection set, F=free, A=archive, TAMS=top-at-mark-start (previous, next)
|   0|0x0000000080000000, 0x0000000080100000, 0x0000000080100000|100%| O|  |TAMS 0x0000000080100000, 0x0000000080000000| Untracked 
|   1|0x0000000080100000, 0x0000000080200000, 0x0000000080200000|100%| O|  |TAMS 0x0000000080200000, 0x0000000080100000| Untracked 
|   2|0x0000000080200000, 0x0000000080300000, 0x0000000080300000|100%| O|  |TAMS 0x0000000080300000, 0x0000000080200000| Untracked 
|   3|0x0000000080300000, 0x0000000080400000, 0x0000000080400000|100%|HS|  |TAMS 0x0000000080400000, 0x0000000080300000| Complete 
|   4|0x0000000080400000, 0x0000000080500000, 0x0000000080500000|100%|HC|  |TAMS 0x0000000080500000, 0x0000000080400000| Complete 
|   5|0x0000000080500000, 0x0000000080600000, 0x0000000080600000|100%|HC|  |TAMS 0x0000000080600000, 0x0000000080500000| Complete 
|   6|0x0000000080600000, 0x0000000080700000, 0x0000000080700000|100%| O|  |TAMS 0x0000000080700000, 0x0000000080600000| Untracked 
|   7|0x0000000080700000, 0x0000000080800000, 0x0000000080800000|100%| O|  |TAMS 0x0000000080800000, 0x0000000080700000| Untracked 
|   8|0x0000000080800000, 0x0000000080900000, 0x0000000080900000|100%| O|  |TAMS 0x0000000080900000, 0x0000000080800000| Untracked 
|   9|0x0000000080900000, 0x0000000080a00000, 0x0000000080a00000|100%| O|  |TAMS 0x0000000080a00000, 0x0000000080900000| Untracked 
|  10|0x0000000080a00000, 0x0000000080b00000, 0x0000000080b00000|100%| O|  |TAMS 0x0000000080b00000, 0x0000000080a00000| Untracked 
|  11|0x0000000080b00000, 0x0000000080c00000, 0x0000000080c00000|100%| O|  |TAMS 0x0000000080c00000, 0x0000000080b00000| Untracked 
|  12|0x0000000080c00000, 0x0000000080d00000, 0x0000000080d00000|100%| O|  |TAMS 0x0000000080d00000, 0x0000000080c00000| Untracked 
|  13|0x0000000080d00000, 0x0000000080e00000, 0x0000000080e00000|100%| O|  |TAMS 0x0000000080e00000, 0x0000000080d00000| Untracked 
|  14|0x0000000080e00000, 0x0000000080f00000, 0x0000000080f00000|100%| O|  |TAMS 0x0000000080f00000, 0x0000000080e00000| Untracked 
|  15|0x0000000080f00000, 0x0000000081000000, 0x0000000081000000|100%| O|  |TAMS 0x0000000081000000, 0x0000000080f00000| Untracked 
|  16|0x0000000081000000, 0x0000000081100000, 0x0000000081100000|100%| O|  |TAMS 0x0000000081100000, 0x0000000081000000| Untracked 
|  17|0x0000000081100000, 0x0000000081200000, 0x0000000081200000|100%| O|  |TAMS 0x00000000811e0200, 0x0000000081100000| Untracked 
|  18|0x0000000081200000, 0x0000000081200000, 0x0000000081300000|  0%| F|  |TAMS 0x0000000081200000, 0x0000000081200000| Untracked 
|  19|0x0000000081300000, 0x0000000081400000, 0x0000000081400000|100%| O|  |TAMS 0x0000000081300000, 0x0000000081300000| Untracked 
|  20|0x0000000081400000, 0x0000000081500000, 0x0000000081500000|100%| O|  |TAMS 0x0000000081400000, 0x0000000081400000| Untracked 
|  21|0x0000000081500000, 0x0000000081600000, 0x0000000081600000|100%| O|  |TAMS 0x0000000081500000, 0x0000000081500000| Untracked 
|  22|0x0000000081600000, 0x00000000816de600, 0x0000000081700000| 86%| O|  |TAMS 0x0000000081600000, 0x0000000081600000| Untracked 
|  23|0x0000000081700000, 0x0000000081700000, 0x0000000081800000|  0%| F|  |TAMS 0x0000000081700000, 0x0000000081700000| Untracked 
|  24|0x0000000081800000, 0x0000000081800000, 0x0000000081900000|  0%| F|  |TAMS 0x0000000081800000, 0x0000000081800000| Untracked 
|  25|0x0000000081900000, 0x0000000081900000, 0x0000000081a00000|  0%| F|  |TAMS 0x0000000081900000, 0x0000000081900000| Untracked 
|  26|0x0000000081a00000, 0x0000000081a00000, 0x0000000081b00000|  0%| F|  |TAMS 0x0000000081a00000, 0x0000000081a00000| Untracked 
|  27|0x0000000081b00000, 0x0000000081b00000, 0x0000000081c00000|  0%| F|  |TAMS 0x0000000081b00000, 0x0000000081b00000| Untracked 
|  28|0x0000000081c00000, 0x0000000081c00000, 0x0000000081d00000|  0%| F|  |TAMS 0x0000000081c00000, 0x0000000081c00000| Untracked 
|  29|0x0000000081d00000, 0x0000000081d00000, 0x0000000081e00000|  0%| F|  |TAMS 0x0000000081d00000, 0x0000000081d00000| Untracked 
|  30|0x0000000081e00000, 0x0000000081e00000, 0x0000000081f00000|  0%| F|  |TAMS 0x0000000081e00000, 0x0000000081e00000| Untracked 
|  31|0x0000000081f00000, 0x0000000081f00000, 0x0000000082000000|  0%| F|  |TAMS 0x0000000081f00000, 0x0000000081f00000| Untracked 
|  32|0x0000000082000000, 0x0000000082000000, 0x0000000082100000|  0%| F|  |TAMS 0x0000000082000000, 0x0000000082000000| Untracked 
|  33|0x0000000082100000, 0x0000000082100000, 0x0000000082200000|  0%| F|  |TAMS 0x0000000082100000, 0x0000000082100000| Untracked 
|  34|0x0000000082200000, 0x0000000082200000, 0x0000000082300000|  0%| F|  |TAMS 0x0000000082200000, 0x0000000082200000| Untracked 
|  35|0x0000000082300000, 0x0000000082300000, 0x0000000082400000|  0%| F|  |TAMS 0x0000000082300000, 0x0000000082300000| Untracked 
|  36|0x0000000082400000, 0x0000000082400000, 0x0000000082500000|  0%| F|  |TAMS 0x0000000082400000, 0x0000000082400000| Untracked 
|  37|0x0000000082500000, 0x0000000082500000, 0x0000000082600000|  0%| F|  |TAMS 0x0000000082500000, 0x0000000082500000| Untracked 
|  38|0x0000000082600000, 0x0000000082600000, 0x0000000082700000|  0%| F|  |TAMS 0x0000000082600000, 0x0000000082600000| Untracked 
|  39|0x0000000082700000, 0x0000000082700000, 0x0000000082800000|  0%| F|  |TAMS 0x0000000082700000, 0x0000000082700000| Untracked 
|  40|0x0000000082800000, 0x0000000082800000, 0x0000000082900000|  0%| F|  |TAMS 0x0000000082800000, 0x0000000082800000| Untracked 
|  41|0x0000000082900000, 0x0000000082900000, 0x0000000082a00000|  0%| F|  |TAMS 0x0000000082900000, 0x0000000082900000| Untracked 
|  42|0x0000000082a00000, 0x0000000082a00000, 0x0000000082b00000|  0%| F|  |TAMS 0x0000000082a00000, 0x0000000082a00000| Untracked 
|  43|0x0000000082b00000, 0x0000000082b00000, 0x0000000082c00000|  0%| F|  |TAMS 0x0000000082b00000, 0x0000000082b00000| Untracked 
|  44|0x0000000082c00000, 0x0000000082c00000, 0x0000000082d00000|  0%| F|  |TAMS 0x0000000082c00000, 0x0000000082c00000| Untracked 
|  45|0x0000000082d00000, 0x0000000082d00000, 0x0000000082e00000|  0%| F|  |TAMS 0x0000000082d00000, 0x0000000082d00000| Untracked 
|  46|0x0000000082e00000, 0x0000000082e00000, 0x0000000082f00000|  0%| F|  |TAMS 0x0000000082e00000, 0x0000000082e00000| Untracked 
|  47|0x0000000082f00000, 0x0000000082f00000, 0x0000000083000000|  0%| F|  |TAMS 0x0000000082f00000, 0x0000000082f00000| Untracked 
|  48|0x0000000083000000, 0x0000000083000000, 0x0000000083100000|  0%| F|  |TAMS 0x0000000083000000, 0x0000000083000000| Untracked 
|  49|0x0000000083100000, 0x0000000083100000, 0x0000000083200000|  0%| F|  |TAMS 0x0000000083100000, 0x0000000083100000| Untracked 
|  50|0x0000000083200000, 0x0000000083200000, 0x0000000083300000|  0%| F|  |TAMS 0x0000000083200000, 0x0000000083200000| Untracked 
|  51|0x0000000083300000, 0x0000000083300000, 0x0000000083400000|  0%| F|  |TAMS 0x0000000083300000, 0x0000000083300000| Untracked 
|  52|0x0000000083400000, 0x00000000834a5220, 0x0000000083500000| 64%| S|CS|TAMS 0x0000000083400000, 0x0000000083400000| Complete 
|  53|0x0000000083500000, 0x0000000083600000, 0x0000000083600000|100%| S|CS|TAMS 0x0000000083500000, 0x0000000083500000| Complete 
|  54|0x0000000083600000, 0x0000000083700000, 0x0000000083700000|100%| S|CS|TAMS 0x0000000083600000, 0x0000000083600000| Complete 
|  55|0x0000000083700000, 0x0000000083700000, 0x0000000083800000|  0%| F|  |TAMS 0x0000000083700000, 0x0000000083700000| Untracked 
|  56|0x0000000083800000, 0x0000000083800000, 0x0000000083900000|  0%| F|  |TAMS 0x0000000083800000, 0x0000000083800000| Untracked 
|  57|0x0000000083900000, 0x0000000083900000, 0x0000000083a00000|  0%| F|  |TAMS 0x0000000083900000, 0x0000000083900000| Untracked 
|  58|0x0000000083a00000, 0x0000000083a00000, 0x0000000083b00000|  0%| F|  |TAMS 0x0000000083a00000, 0x0000000083a00000| Untracked 
|  59|0x0000000083b00000, 0x0000000083b00000, 0x0000000083c00000|  0%| F|  |TAMS 0x0000000083b00000, 0x0000000083b00000| Untracked 
|  60|0x0000000083c00000, 0x0000000083c00000, 0x0000000083d00000|  0%| F|  |TAMS 0x0000000083c00000, 0x0000000083c00000| Untracked 
|  61|0x0000000083d00000, 0x0000000083d00000, 0x0000000083e00000|  0%| F|  |TAMS 0x0000000083d00000, 0x0000000083d00000| Untracked 
|  62|0x0000000083e00000, 0x0000000083e00000, 0x0000000083f00000|  0%| F|  |TAMS 0x0000000083e00000, 0x0000000083e00000| Untracked 
|  63|0x0000000083f00000, 0x0000000084000000, 0x0000000084000000|100%| S|CS|TAMS 0x0000000083f00000, 0x0000000083f00000| Complete 
|  64|0x0000000084000000, 0x0000000084100000, 0x0000000084100000|100%| S|CS|TAMS 0x0000000084000000, 0x0000000084000000| Complete 
|  65|0x0000000084100000, 0x0000000084200000, 0x0000000084200000|100%| S|CS|TAMS 0x0000000084100000, 0x0000000084100000| Complete 
|  66|0x0000000084200000, 0x0000000084300000, 0x0000000084300000|100%| S|CS|TAMS 0x0000000084200000, 0x0000000084200000| Complete 
|  67|0x0000000084300000, 0x0000000084300000, 0x0000000084400000|  0%| F|  |TAMS 0x0000000084300000, 0x0000000084300000| Untracked 
|  68|0x0000000084400000, 0x0000000084400000, 0x0000000084500000|  0%| F|  |TAMS 0x0000000084400000, 0x0000000084400000| Untracked 
|  69|0x0000000084500000, 0x0000000084500000, 0x0000000084600000|  0%| F|  |TAMS 0x0000000084500000, 0x0000000084500000| Untracked 
|  70|0x0000000084600000, 0x0000000084600000, 0x0000000084700000|  0%| F|  |TAMS 0x0000000084600000, 0x0000000084600000| Untracked 
|  71|0x0000000084700000, 0x0000000084700000, 0x0000000084800000|  0%| F|  |TAMS 0x0000000084700000, 0x0000000084700000| Untracked 
|  72|0x0000000084800000, 0x0000000084800000, 0x0000000084900000|  0%| F|  |TAMS 0x0000000084800000, 0x0000000084800000| Untracked 
|  73|0x0000000084900000, 0x0000000084900000, 0x0000000084a00000|  0%| F|  |TAMS 0x0000000084900000, 0x0000000084900000| Untracked 
|  74|0x0000000084a00000, 0x0000000084a00000, 0x0000000084b00000|  0%| F|  |TAMS 0x0000000084a00000, 0x0000000084a00000| Untracked 
|  75|0x0000000084b00000, 0x0000000084b00000, 0x0000000084c00000|  0%| F|  |TAMS 0x0000000084b00000, 0x0000000084b00000| Untracked 
|  76|0x0000000084c00000, 0x0000000084c00000, 0x0000000084d00000|  0%| F|  |TAMS 0x0000000084c00000, 0x0000000084c00000| Untracked 
|  77|0x0000000084d00000, 0x0000000084d00000, 0x0000000084e00000|  0%| F|  |TAMS 0x0000000084d00000, 0x0000000084d00000| Untracked 
|  78|0x0000000084e00000, 0x0000000084e00000, 0x0000000084f00000|  0%| F|  |TAMS 0x0000000084e00000, 0x0000000084e00000| Untracked 
|  79|0x0000000084f00000, 0x0000000084f00000, 0x0000000085000000|  0%| F|  |TAMS 0x0000000084f00000, 0x0000000084f00000| Untracked 
|  80|0x0000000085000000, 0x0000000085000000, 0x0000000085100000|  0%| F|  |TAMS 0x0000000085000000, 0x0000000085000000| Untracked 
|  81|0x0000000085100000, 0x0000000085100000, 0x0000000085200000|  0%| F|  |TAMS 0x0000000085100000, 0x0000000085100000| Untracked 
|  82|0x0000000085200000, 0x0000000085200000, 0x0000000085300000|  0%| F|  |TAMS 0x0000000085200000, 0x0000000085200000| Untracked 
|  83|0x0000000085300000, 0x0000000085300000, 0x0000000085400000|  0%| F|  |TAMS 0x0000000085300000, 0x0000000085300000| Untracked 
|  84|0x0000000085400000, 0x0000000085400000, 0x0000000085500000|  0%| F|  |TAMS 0x0000000085400000, 0x0000000085400000| Untracked 
|  85|0x0000000085500000, 0x0000000085500000, 0x0000000085600000|  0%| F|  |TAMS 0x0000000085500000, 0x0000000085500000| Untracked 
|  86|0x0000000085600000, 0x0000000085600000, 0x0000000085700000|  0%| F|  |TAMS 0x0000000085600000, 0x0000000085600000| Untracked 
|  87|0x0000000085700000, 0x0000000085700000, 0x0000000085800000|  0%| F|  |TAMS 0x0000000085700000, 0x0000000085700000| Untracked 
|  88|0x0000000085800000, 0x0000000085800000, 0x0000000085900000|  0%| F|  |TAMS 0x0000000085800000, 0x0000000085800000| Untracked 
|  89|0x0000000085900000, 0x0000000085900000, 0x0000000085a00000|  0%| F|  |TAMS 0x0000000085900000, 0x0000000085900000| Untracked 
|  90|0x0000000085a00000, 0x0000000085a00000, 0x0000000085b00000|  0%| F|  |TAMS 0x0000000085a00000, 0x0000000085a00000| Untracked 
|  91|0x0000000085b00000, 0x0000000085b00000, 0x0000000085c00000|  0%| F|  |TAMS 0x0000000085b00000, 0x0000000085b00000| Untracked 
|  92|0x0000000085c00000, 0x0000000085c00000, 0x0000000085d00000|  0%| F|  |TAMS 0x0000000085c00000, 0x0000000085c00000| Untracked 
|  93|0x0000000085d00000, 0x0000000085d00000, 0x0000000085e00000|  0%| F|  |TAMS 0x0000000085d00000, 0x0000000085d00000| Untracked 
|  94|0x0000000085e00000, 0x0000000085e00000, 0x0000000085f00000|  0%| F|  |TAMS 0x0000000085e00000, 0x0000000085e00000| Untracked 
|  95|0x0000000085f00000, 0x0000000085f00000, 0x0000000086000000|  0%| F|  |TAMS 0x0000000085f00000, 0x0000000085f00000| Untracked 
|  96|0x0000000086000000, 0x0000000086000000, 0x0000000086100000|  0%| F|  |TAMS 0x0000000086000000, 0x0000000086000000| Untracked 
|  97|0x0000000086100000, 0x0000000086100000, 0x0000000086200000|  0%| F|  |TAMS 0x0000000086100000, 0x0000000086100000| Untracked 
|  98|0x0000000086200000, 0x0000000086200000, 0x0000000086300000|  0%| F|  |TAMS 0x0000000086200000, 0x0000000086200000| Untracked 
|  99|0x0000000086300000, 0x0000000086300000, 0x0000000086400000|  0%| F|  |TAMS 0x0000000086300000, 0x0000000086300000| Untracked 
| 100|0x0000000086400000, 0x0000000086400000, 0x0000000086500000|  0%| F|  |TAMS 0x0000000086400000, 0x0000000086400000| Untracked 
| 101|0x0000000086500000, 0x0000000086500000, 0x0000000086600000|  0%| F|  |TAMS 0x0000000086500000, 0x0000000086500000| Untracked 
| 102|0x0000000086600000, 0x0000000086600000, 0x0000000086700000|  0%| F|  |TAMS 0x0000000086600000, 0x0000000086600000| Untracked 
| 103|0x0000000086700000, 0x0000000086700000, 0x0000000086800000|  0%| F|  |TAMS 0x0000000086700000, 0x0000000086700000| Untracked 
| 104|0x0000000086800000, 0x0000000086800000, 0x0000000086900000|  0%| F|  |TAMS 0x0000000086800000, 0x0000000086800000| Untracked 
| 105|0x0000000086900000, 0x0000000086900000, 0x0000000086a00000|  0%| F|  |TAMS 0x0000000086900000, 0x0000000086900000| Untracked 
| 106|0x0000000086a00000, 0x0000000086a00000, 0x0000000086b00000|  0%| F|  |TAMS 0x0000000086a00000, 0x0000000086a00000| Untracked 
| 107|0x0000000086b00000, 0x0000000086b00000, 0x0000000086c00000|  0%| F|  |TAMS 0x0000000086b00000, 0x0000000086b00000| Untracked 
| 108|0x0000000086c00000, 0x0000000086c00000, 0x0000000086d00000|  0%| F|  |TAMS 0x0000000086c00000, 0x0000000086c00000| Untracked 
| 109|0x0000000086d00000, 0x0000000086d00000, 0x0000000086e00000|  0%| F|  |TAMS 0x0000000086d00000, 0x0000000086d00000| Untracked 
| 110|0x0000000086e00000, 0x0000000086e00000, 0x0000000086f00000|  0%| F|  |TAMS 0x0000000086e00000, 0x0000000086e00000| Untracked 
| 111|0x0000000086f00000, 0x0000000086f00000, 0x0000000087000000|  0%| F|  |TAMS 0x0000000086f00000, 0x0000000086f00000| Untracked 
| 112|0x0000000087000000, 0x0000000087000000, 0x0000000087100000|  0%| F|  |TAMS 0x0000000087000000, 0x0000000087000000| Untracked 
| 113|0x0000000087100000, 0x0000000087100000, 0x0000000087200000|  0%| F|  |TAMS 0x0000000087100000, 0x0000000087100000| Untracked 
| 114|0x0000000087200000, 0x0000000087200000, 0x0000000087300000|  0%| F|  |TAMS 0x0000000087200000, 0x0000000087200000| Untracked 
| 115|0x0000000087300000, 0x0000000087300000, 0x0000000087400000|  0%| F|  |TAMS 0x0000000087300000, 0x0000000087300000| Untracked 
| 116|0x0000000087400000, 0x0000000087400000, 0x0000000087500000|  0%| F|  |TAMS 0x0000000087400000, 0x0000000087400000| Untracked 
| 117|0x0000000087500000, 0x0000000087500000, 0x0000000087600000|  0%| F|  |TAMS 0x0000000087500000, 0x0000000087500000| Untracked 
| 118|0x0000000087600000, 0x0000000087600000, 0x0000000087700000|  0%| F|  |TAMS 0x0000000087600000, 0x0000000087600000| Untracked 
| 119|0x0000000087700000, 0x0000000087700000, 0x0000000087800000|  0%| F|  |TAMS 0x0000000087700000, 0x0000000087700000| Untracked 
| 120|0x0000000087800000, 0x0000000087800000, 0x0000000087900000|  0%| F|  |TAMS 0x0000000087800000, 0x0000000087800000| Untracked 
| 121|0x0000000087900000, 0x0000000087a00000, 0x0000000087a00000|100%| E|  |TAMS 0x0000000087900000, 0x0000000087900000| Complete 
| 122|0x0000000087a00000, 0x0000000087b00000, 0x0000000087b00000|100%| E|CS|TAMS 0x0000000087a00000, 0x0000000087a00000| Complete 
| 123|0x0000000087b00000, 0x0000000087c00000, 0x0000000087c00000|100%| E|CS|TAMS 0x0000000087b00000, 0x0000000087b00000| Complete 
| 124|0x0000000087c00000, 0x0000000087d00000, 0x0000000087d00000|100%| E|CS|TAMS 0x0000000087c00000, 0x0000000087c00000| Complete 
| 125|0x0000000087d00000, 0x0000000087e00000, 0x0000000087e00000|100%| E|CS|TAMS 0x0000000087d00000, 0x0000000087d00000| Complete 

Card table byte_map: [0x0000026249050000,0x0000026249450000] _byte_map_base: 0x0000026248c50000

Marking Bits (Prev, Next): (CMBitMap*) 0x000002623573d678, (CMBitMap*) 0x000002623573d6b0
 Prev Bits: [0x0000026249850000, 0x000002624b850000)
 Next Bits: [0x000002624b850000, 0x000002624d850000)

Polling page: 0x0000026233ee0000

Metaspace:

Usage:
  Non-class:     39.24 MB capacity,    38.53 MB ( 98%) used,   620.04 KB (  2%) free+waste,   110.38 KB ( <1%) overhead. 
      Class:      6.11 MB capacity,     5.69 MB ( 93%) used,   382.26 KB (  6%) free+waste,    53.25 KB ( <1%) overhead. 
       Both:     45.35 MB capacity,    44.21 MB ( 97%) used,  1002.30 KB (  2%) free+waste,   163.63 KB ( <1%) overhead. 

Virtual space:
  Non-class space:       40.00 MB reserved,      39.25 MB ( 98%) committed 
      Class space:        1.00 GB reserved,       6.13 MB ( <1%) committed 
             Both:        1.04 GB reserved,      45.38 MB (  4%) committed 

Chunk freelists:
   Non-Class:  11.00 KB
       Class:  13.00 KB
        Both:  24.00 KB

MaxMetaspaceSize: 17179869184.00 GB
CompressedClassSpaceSize: 1.00 GB

CodeHeap 'non-profiled nmethods': size=120000Kb used=2259Kb max_used=2259Kb free=117741Kb
 bounds [0x0000026240cc0000, 0x0000026240f30000, 0x00000262481f0000]
CodeHeap 'profiled nmethods': size=120000Kb used=8140Kb max_used=8140Kb free=111860Kb
 bounds [0x0000026239790000, 0x0000026239f90000, 0x0000026240cc0000]
CodeHeap 'non-nmethods': size=5760Kb used=2208Kb max_used=2270Kb free=3551Kb
 bounds [0x00000262391f0000, 0x0000026239460000, 0x0000026239790000]
 total_blobs=4584 nmethods=3808 adapters=687
 compilation: enabled
              stopped_count=0, restarted_count=0
 full_count=0

Compilation events (20 events):
Event: 15.461 Thread 0x0000026250bcf800 3824       3       com.google.common.collect.ImmutableList::asImmutableList (18 bytes)
Event: 15.461 Thread 0x0000026250bcf800 nmethod 3824 0x0000026239f7f310 code [0x0000026239f7f500, 0x0000026239f7f938]
Event: 15.461 Thread 0x0000026250bcf800 3826       1       com.google.common.collect.LinkedHashMultimap$ValueSet::setSuccessorInValueSet (6 bytes)
Event: 15.461 Thread 0x0000026250bcf800 nmethod 3826 0x0000026240ef1190 code [0x0000026240ef1340, 0x0000026240ef1438]
Event: 15.461 Thread 0x0000026250bcf800 3823       3       sun.reflect.generics.visitor.Reifier::visitTypeVariableSignature (18 bytes)
Event: 15.462 Thread 0x0000026250bcf800 nmethod 3823 0x0000026239f7fb10 code [0x0000026239f7fce0, 0x0000026239f80008]
Event: 15.462 Thread 0x0000026250bcf800 3827       3       org.objectweb.asm.FieldVisitor::<init> (94 bytes)
Event: 15.463 Thread 0x0000026250bcf800 nmethod 3827 0x0000026239f80190 code [0x0000026239f80420, 0x0000026239f80f48]
Event: 15.463 Thread 0x0000026250bcf800 3829       3       com.google.common.collect.AbstractMapBasedMultimap$WrappedCollection$WrappedIterator::hasNext (14 bytes)
Event: 15.463 Thread 0x0000026250bcf800 nmethod 3829 0x0000026239f81290 code [0x0000026239f81480, 0x0000026239f81888]
Event: 15.463 Thread 0x0000026250bcf800 3828       3       java.lang.invoke.DirectMethodHandle$Holder::invokeStatic (20 bytes)
Event: 15.463 Thread 0x0000026250bcf800 nmethod 3828 0x0000026239f81a10 code [0x0000026239f81be0, 0x0000026239f82118]
Event: 15.474 Thread 0x0000026250bcb800 nmethod 3793 0x0000026240ef1490 code [0x0000026240ef1700, 0x0000026240ef3120]
Event: 15.474 Thread 0x0000026250bcb800 3819       4       java.lang.invoke.LambdaForm$Name::useCount (42 bytes)
Event: 15.476 Thread 0x0000026250bcb800 nmethod 3819 0x0000026240ef3d90 code [0x0000026240ef3f20, 0x0000026240ef3ff8]
Event: 15.476 Thread 0x0000026250bcb800 3818       4       java.lang.invoke.LambdaForm$Name::replaceNames (174 bytes)
Event: 15.560 Thread 0x0000026250bcf800 3833       1       java.lang.invoke.DirectMethodHandle$Special::isInvokeSpecial (2 bytes)
Event: 15.560 Thread 0x0000026250bcf800 nmethod 3833 0x0000026240ef4110 code [0x0000026240ef42c0, 0x0000026240ef4378]
Event: 15.728 Thread 0x0000026250bcf800 3835       3       java.util.stream.Collectors$$Lambda$63/0x0000000100161040::accept (11 bytes)
Event: 15.728 Thread 0x0000026250bcf800 nmethod 3835 0x0000026239f82290 code [0x0000026239f82460, 0x0000026239f82728]

GC Heap History (16 events):
Event: 0.857 GC heap before
{Heap before GC invocations=0 (full 0):
 garbage-first heap   total 129024K, used 29696K [0x0000000080000000, 0x0000000100000000)
  region size 1024K, 24 young (24576K), 0 survivors (0K)
 Metaspace       used 9795K, capacity 9986K, committed 10112K, reserved 1058816K
  class space    used 1022K, capacity 1102K, committed 1152K, reserved 1048576K
}
Event: 0.863 GC heap after
{Heap after GC invocations=1 (full 0):
 garbage-first heap   total 129024K, used 8936K [0x0000000080000000, 0x0000000100000000)
  region size 1024K, 3 young (3072K), 3 survivors (3072K)
 Metaspace       used 9795K, capacity 9986K, committed 10112K, reserved 1058816K
  class space    used 1022K, capacity 1102K, committed 1152K, reserved 1048576K
}
Event: 2.574 GC heap before
{Heap before GC invocations=1 (full 0):
 garbage-first heap   total 129024K, used 82664K [0x0000000080000000, 0x0000000100000000)
  region size 1024K, 75 young (76800K), 3 survivors (3072K)
 Metaspace       used 17735K, capacity 18155K, committed 18432K, reserved 1064960K
  class space    used 2101K, capacity 2238K, committed 2304K, reserved 1048576K
}
Event: 2.583 GC heap after
{Heap after GC invocations=2 (full 0):
 garbage-first heap   total 129024K, used 16384K [0x0000000080000000, 0x0000000100000000)
  region size 1024K, 10 young (10240K), 10 survivors (10240K)
 Metaspace       used 17735K, capacity 18155K, committed 18432K, reserved 1064960K
  class space    used 2101K, capacity 2238K, committed 2304K, reserved 1048576K
}
Event: 3.468 GC heap before
{Heap before GC invocations=2 (full 0):
 garbage-first heap   total 129024K, used 38912K [0x0000000080000000, 0x0000000100000000)
  region size 1024K, 33 young (33792K), 10 survivors (10240K)
 Metaspace       used 20612K, capacity 21118K, committed 21248K, reserved 1067008K
  class space    used 2520K, capacity 2720K, committed 2816K, reserved 1048576K
}
Event: 3.486 GC heap after
{Heap after GC invocations=3 (full 0):
 garbage-first heap   total 129024K, used 16868K [0x0000000080000000, 0x0000000100000000)
  region size 1024K, 1 young (1024K), 1 survivors (1024K)
 Metaspace       used 20612K, capacity 21118K, committed 21248K, reserved 1067008K
  class space    used 2520K, capacity 2720K, committed 2816K, reserved 1048576K
}
Event: 4.942 GC heap before
{Heap before GC invocations=4 (full 0):
 garbage-first heap   total 129024K, used 64996K [0x0000000080000000, 0x0000000100000000)
  region size 1024K, 49 young (50176K), 1 survivors (1024K)
 Metaspace       used 25588K, capacity 26194K, committed 26368K, reserved 1073152K
  class space    used 3351K, capacity 3566K, committed 3584K, reserved 1048576K
}
Event: 4.945 GC heap after
{Heap after GC invocations=5 (full 0):
 garbage-first heap   total 129024K, used 18434K [0x0000000080000000, 0x0000000100000000)
  region size 1024K, 3 young (3072K), 3 survivors (3072K)
 Metaspace       used 25588K, capacity 26194K, committed 26368K, reserved 1073152K
  class space    used 3351K, capacity 3566K, committed 3584K, reserved 1048576K
}
Event: 8.087 GC heap before
{Heap before GC invocations=5 (full 0):
 garbage-first heap   total 129024K, used 72706K [0x0000000080000000, 0x0000000100000000)
  region size 1024K, 56 young (57344K), 3 survivors (3072K)
 Metaspace       used 32493K, capacity 33274K, committed 33536K, reserved 1079296K
  class space    used 4237K, capacity 4544K, committed 4608K, reserved 1048576K
}
Event: 8.093 GC heap after
{Heap after GC invocations=6 (full 0):
 garbage-first heap   total 129024K, used 21179K [0x0000000080000000, 0x0000000100000000)
  region size 1024K, 6 young (6144K), 6 survivors (6144K)
 Metaspace       used 32493K, capacity 33274K, committed 33536K, reserved 1079296K
  class space    used 4237K, capacity 4544K, committed 4608K, reserved 1048576K
}
Event: 10.134 GC heap before
{Heap before GC invocations=6 (full 0):
 garbage-first heap   total 129024K, used 27323K [0x0000000080000000, 0x0000000100000000)
  region size 1024K, 14 young (14336K), 6 survivors (6144K)
 Metaspace       used 35068K, capacity 35831K, committed 35840K, reserved 1081344K
  class space    used 4544K, capacity 4864K, committed 4864K, reserved 1048576K
}
Event: 10.147 GC heap after
{Heap after GC invocations=7 (full 0):
 garbage-first heap   total 129024K, used 22200K [0x0000000080000000, 0x0000000100000000)
  region size 1024K, 4 young (4096K), 4 survivors (4096K)
 Metaspace       used 35068K, capacity 35831K, committed 35840K, reserved 1081344K
  class space    used 4544K, capacity 4864K, committed 4864K, reserved 1048576K
}
Event: 12.279 GC heap before
{Heap before GC invocations=8 (full 0):
 garbage-first heap   total 129024K, used 84664K [0x0000000080000000, 0x0000000100000000)
  region size 1024K, 63 young (64512K), 4 survivors (4096K)
 Metaspace       used 39354K, capacity 40268K, committed 40448K, reserved 1085440K
  class space    used 5032K, capacity 5357K, committed 5376K, reserved 1048576K
}
Event: 12.290 GC heap after
{Heap after GC invocations=9 (full 0):
 garbage-first heap   total 129024K, used 27091K [0x0000000080000000, 0x0000000100000000)
  region size 1024K, 8 young (8192K), 8 survivors (8192K)
 Metaspace       used 39354K, capacity 40268K, committed 40448K, reserved 1085440K
  class space    used 5032K, capacity 5357K, committed 5376K, reserved 1048576K
}
Event: 15.526 GC heap before
{Heap before GC invocations=9 (full 0):
 garbage-first heap   total 129024K, used 87507K [0x0000000080000000, 0x0000000100000000)
  region size 1024K, 67 young (68608K), 8 survivors (8192K)
 Metaspace       used 44827K, capacity 45939K, committed 46208K, reserved 1089536K
  class space    used 5767K, capacity 6178K, committed 6272K, reserved 1048576K
}
Event: 15.548 GC heap after
{Heap after GC invocations=10 (full 0):
 garbage-first heap   total 129024K, used 29198K [0x0000000080000000, 0x0000000100000000)
  region size 1024K, 7 young (7168K), 7 survivors (7168K)
 Metaspace       used 44827K, capacity 45939K, committed 46208K, reserved 1089536K
  class space    used 5767K, capacity 6178K, committed 6272K, reserved 1048576K
}

Deoptimization events (20 events):
Event: 13.512 Thread 0x00000262537f9800 Uncommon trap: trap_request=0xffffff4d fr.pc=0x0000026240e48e3c relative=0x0000000000001abc
Event: 13.512 Thread 0x00000262537f9800 Uncommon trap: reason=unstable_if action=reinterpret pc=0x0000026240e48e3c method=java.util.concurrent.ConcurrentHashMap.computeIfAbsent(Ljava/lang/Object;Ljava/util/function/Function;)Ljava/lang/Object; @ 123 c2
Event: 13.512 Thread 0x00000262537f9800 DEOPT PACKING pc=0x0000026240e48e3c sp=0x00000086413fabb0
Event: 13.512 Thread 0x00000262537f9800 DEOPT UNPACKING pc=0x00000262392178af sp=0x00000086413fab50 mode 2
Event: 14.433 Thread 0x00000262537f9800 Uncommon trap: trap_request=0xffffff4d fr.pc=0x0000026240d33690 relative=0x00000000000001d0
Event: 14.433 Thread 0x00000262537f9800 Uncommon trap: reason=unstable_if action=reinterpret pc=0x0000026240d33690 method=java.net.URI$Parser.scan(IILjava/lang/String;)I @ 26 c2
Event: 14.433 Thread 0x00000262537f9800 DEOPT PACKING pc=0x0000026240d33690 sp=0x00000086413f9010
Event: 14.433 Thread 0x00000262537f9800 DEOPT UNPACKING pc=0x00000262392178af sp=0x00000086413f8fa0 mode 2
Event: 14.433 Thread 0x00000262537f9800 Uncommon trap: trap_request=0xffffff4d fr.pc=0x0000026240d0ff5c relative=0x000000000000011c
Event: 14.433 Thread 0x00000262537f9800 Uncommon trap: reason=unstable_if action=reinterpret pc=0x0000026240d0ff5c method=java.net.URI.match(CJJ)Z @ 45 c2
Event: 14.433 Thread 0x00000262537f9800 DEOPT PACKING pc=0x0000026240d0ff5c sp=0x00000086413f8d80
Event: 14.433 Thread 0x00000262537f9800 DEOPT UNPACKING pc=0x00000262392178af sp=0x00000086413f8cb8 mode 2
Event: 14.433 Thread 0x00000262537f9800 Uncommon trap: trap_request=0xffffff4d fr.pc=0x0000026240cdd8e8 relative=0x0000000000000048
Event: 14.433 Thread 0x00000262537f9800 Uncommon trap: reason=unstable_if action=reinterpret pc=0x0000026240cdd8e8 method=java.net.URI.match(CJJ)Z @ 19 c2
Event: 14.433 Thread 0x00000262537f9800 DEOPT PACKING pc=0x0000026240cdd8e8 sp=0x00000086413f8d90
Event: 14.433 Thread 0x00000262537f9800 DEOPT UNPACKING pc=0x00000262392178af sp=0x00000086413f8d40 mode 2
Event: 14.447 Thread 0x00000262537f9800 Uncommon trap: trap_request=0xffffffcc fr.pc=0x0000026240ed9bf4 relative=0x00000000000001b4
Event: 14.447 Thread 0x00000262537f9800 Uncommon trap: reason=intrinsic_or_type_checked_inlining action=make_not_entrant pc=0x0000026240ed9bf4 method=java.util.Arrays.copyOf([Ljava/lang/Object;ILjava/lang/Class;)[Ljava/lang/Object; @ 35 c2
Event: 14.447 Thread 0x00000262537f9800 DEOPT PACKING pc=0x0000026240ed9bf4 sp=0x00000086413f9580
Event: 14.447 Thread 0x00000262537f9800 DEOPT UNPACKING pc=0x00000262392178af sp=0x00000086413f9510 mode 2

Classes redefined (0 events):
No events

Internal exceptions (20 events):
Event: 13.944 Thread 0x00000262537f9800 Exception <a 'java/lang/ClassNotFoundException'{0x00000000862d2958}: build_9mu09bxa9jb2l7m40oy2r4y7cBeanInfo> (0x00000000862d2958) thrown at [./src/hotspot/share/classfile/systemDictionary.cpp, line 231]
Event: 13.945 Thread 0x00000262537f9800 Exception <a 'java/lang/ClassNotFoundException'{0x00000000862e89f0}: org/gradle/api/internal/project/ProjectScriptBeanInfo> (0x00000000862e89f0) thrown at [./src/hotspot/share/classfile/systemDictionary.cpp, line 231]
Event: 13.947 Thread 0x00000262537f9800 Exception <a 'java/lang/ClassNotFoundException'{0x00000000862fea08}: org/gradle/api/internal/project/ProjectScriptCustomizer> (0x00000000862fea08) thrown at [./src/hotspot/share/classfile/systemDictionary.cpp, line 231]
Event: 13.951 Thread 0x00000262537f9800 Exception <a 'java/lang/ClassNotFoundException'{0x000000008611a280}: build_9mu09bxa9jb2l7m40oy2r4y7cCustomizer> (0x000000008611a280) thrown at [./src/hotspot/share/classfile/systemDictionary.cpp, line 231]
Event: 13.996 Thread 0x00000262537f9800 Exception <a 'java/lang/ClassNotFoundException'{0x00000000861abb18}: org/gradle/api/internal/initialization/DefaultScriptHandlerBeanInfo> (0x00000000861abb18) thrown at [./src/hotspot/share/classfile/systemDictionary.cpp, line 231]
Event: 13.998 Thread 0x00000262537f9800 Exception <a 'java/lang/ClassNotFoundException'{0x00000000861d4ad0}: org/gradle/api/internal/initialization/DefaultScriptHandlerCustomizer> (0x00000000861d4ad0) thrown at [./src/hotspot/share/classfile/systemDictionary.cpp, line 231]
Event: 14.355 Thread 0x00000262537f9800 Exception <a 'java/lang/ClassNotFoundException'{0x0000000085993238}: org/gradle/api/internal/artifacts/dsl/dependencies/DefaultDependencyHandler_DecoratedBeanInfo> (0x0000000085993238) thrown at [./src/hotspot/share/classfile/systemDictionary.cpp, line 231]
Event: 14.356 Thread 0x00000262537f9800 Exception <a 'java/lang/ClassNotFoundException'{0x00000000859d1398}: org/gradle/api/internal/artifacts/dsl/dependencies/DefaultDependencyHandlerBeanInfo> (0x00000000859d1398) thrown at [./src/hotspot/share/classfile/systemDictionary.cpp, line 231]
Event: 14.357 Thread 0x00000262537f9800 Exception <a 'java/lang/ClassNotFoundException'{0x000000008580fde8}: org/gradle/api/internal/artifacts/dsl/dependencies/DefaultDependencyHandlerCustomizer> (0x000000008580fde8) thrown at [./src/hotspot/share/classfile/systemDictionary.cpp, line 231]
Event: 14.359 Thread 0x00000262537f9800 Exception <a 'java/lang/ClassNotFoundException'{0x00000000858771b0}: org/gradle/api/internal/artifacts/dsl/dependencies/DefaultDependencyHandler_DecoratedCustomizer> (0x00000000858771b0) thrown at [./src/hotspot/share/classfile/systemDictionary.cpp, line 231]
Event: 14.417 Thread 0x00000262537f9800 Exception <a 'java/lang/NoSuchMethodError'{0x0000000085782a40}: 'java.lang.Object java.lang.invoke.DirectMethodHandle$Holder.invokeStatic(java.lang.Object, java.lang.Object, int, java.lang.Object)'> (0x0000000085782a40) thrown at [./src/hotspot/share/interpreter/linkResolver.cpp, line 773]
Event: 14.417 Thread 0x00000262537f9800 Exception <a 'java/lang/NoSuchMethodError'{0x0000000085789cd8}: 'java.lang.Object java.lang.invoke.Invokers$Holder.linkToTargetMethod(java.lang.Object, int, java.lang.Object, java.lang.Object)'> (0x0000000085789cd8) thrown at [./src/hotspot/share/interpreter/linkResolver.cpp, line 773]
Event: 15.411 Thread 0x00000262537f9800 Exception <a 'java/lang/NoSuchMethodError'{0x000000008469bea8}: 'java.lang.Object java.lang.invoke.DelegatingMethodHandle$Holder.reinvoke_L(java.lang.Object, java.lang.Object, java.lang.Object, java.lang.Object, java.lang.Object, java.lang.Object, java.lang.Object, java.lang.Object, java.lang.Object, java.lang.Object, java.lang.Object, java.lang.Object, java.lang.Object, java.lang.Object, java.lang.Object, java.lang.Object, java.lang.Object, java.lang.Object, java.lang.Object, java.lang.Object, java.lang.O
Event: 15.412 Thread 0x00000262537f9800 Exception <a 'java/lang/NoSuchMethodError'{0x00000000846a78b0}: 'java.lang.Object java.lang.invoke.DirectMethodHandle$Holder.invokeSpecial(java.lang.Object, java.lang.Object, java.lang.Object, java.lang.Object, java.lang.Object, java.lang.Object, java.lang.Object, java.lang.Object, java.lang.Object, java.lang.Object, java.lang.Object, java.lang.Object, java.lang.Object, java.lang.Object, java.lang.Object, java.lang.Object, java.lang.Object, java.lang.Object, java.lang.Object, java.lang.Object, java.lang.Ob
Event: 15.412 Thread 0x00000262537f9800 Exception <a 'java/lang/NoSuchMethodError'{0x00000000846adaa0}: 'java.lang.Object java.lang.invoke.Invokers$Holder.invoker(java.lang.Object, java.lang.Object, java.lang.Object, java.lang.Object, java.lang.Object, java.lang.Object, java.lang.Object, java.lang.Object, java.lang.Object, java.lang.Object, java.lang.Object, java.lang.Object, java.lang.Object, java.lang.Object, java.lang.Object, java.lang.Object, java.lang.Object, java.lang.Object, java.lang.Object, java.lang.Object, java.lang.Object)'> (0x00000
Event: 15.412 Thread 0x00000262537f9800 Exception <a 'java/lang/NoSuchMethodError'{0x00000000846b4e10}: 'java.lang.Object java.lang.invoke.DelegatingMethodHandle$Holder.delegate(java.lang.Object, java.lang.Object, java.lang.Object, java.lang.Object, java.lang.Object, java.lang.Object, java.lang.Object, java.lang.Object, java.lang.Object, java.lang.Object, java.lang.Object, java.lang.Object, java.lang.Object, java.lang.Object, java.lang.Object, java.lang.Object, java.lang.Object, java.lang.Object, java.lang.Object, java.lang.Object, java.lang.Obj
Event: 15.423 Thread 0x00000262537f9800 Exception <a 'java/lang/NoSuchMethodError'{0x00000000846fd920}: 'java.lang.Object java.lang.invoke.DirectMethodHandle$Holder.invokeStatic(java.lang.Object, java.lang.Object, java.lang.Object, java.lang.Object, java.lang.Object, java.lang.Object, java.lang.Object, java.lang.Object, java.lang.Object, java.lang.Object, java.lang.Object, java.lang.Object, java.lang.Object, java.lang.Object, java.lang.Object)'> (0x00000000846fd920) thrown at [./src/hotspot/share/interpreter/linkResolver.cpp, line 773]
Event: 15.426 Thread 0x00000262537f9800 Exception <a 'java/lang/NoSuchMethodError'{0x000000008450e9a0}: 'java.lang.Object java.lang.invoke.DirectMethodHandle$Holder.invokeStatic(java.lang.Object, java.lang.Object, java.lang.Object, java.lang.Object, java.lang.Object, java.lang.Object, java.lang.Object, java.lang.Object, java.lang.Object, java.lang.Object, java.lang.Object, java.lang.Object, java.lang.Object, java.lang.Object, java.lang.Object, java.lang.Object)'> (0x000000008450e9a0) thrown at [./src/hotspot/share/interpreter/linkResolver.cpp, l
Event: 15.430 Thread 0x00000262537f9800 Exception <a 'java/lang/NoSuchMethodError'{0x000000008451eee8}: 'java.lang.Object java.lang.invoke.DelegatingMethodHandle$Holder.reinvoke_L(java.lang.Object, java.lang.Object, java.lang.Object, java.lang.Object, java.lang.Object, java.lang.Object, java.lang.Object, java.lang.Object, java.lang.Object, java.lang.Object, java.lang.Object, java.lang.Object, java.lang.Object, java.lang.Object, java.lang.Object, java.lang.Object, java.lang.Object, java.lang.Object, java.lang.Object, java.lang.Object)'> (0x000000
Event: 15.581 Thread 0x00000262537f9800 Exception <a 'java/lang/IncompatibleClassChangeError'{0x0000000087d83fd0}: Found class java.lang.Object, but interface was expected> (0x0000000087d83fd0) thrown at [./src/hotspot/share/interpreter/linkResolver.cpp, line 839]

Events (20 events):
Event: 15.702 loading class org/gradle/api/internal/artifacts/ivyservice/resolveengine/graph/DependencyGraphSelector
Event: 15.702 loading class org/gradle/api/internal/artifacts/ivyservice/resolveengine/graph/DependencyGraphSelector done
Event: 15.709 loading class org/gradle/api/internal/artifacts/ivyservice/resolveengine/graph/builder/LenientPlatformDependencyMetadata
Event: 15.709 loading class org/gradle/api/internal/artifacts/ivyservice/resolveengine/graph/builder/LenientPlatformDependencyMetadata done
Event: 15.713 loading class org/gradle/api/internal/artifacts/ivyservice/resolveengine/graph/builder/ResolveState$SelectorCacheKey
Event: 15.713 loading class org/gradle/api/internal/artifacts/ivyservice/resolveengine/graph/builder/ResolveState$SelectorCacheKey done
Event: 15.714 loading class org/gradle/api/internal/artifacts/ivyservice/resolveengine/graph/builder/DependencyState
Event: 15.714 loading class org/gradle/api/internal/artifacts/ivyservice/resolveengine/graph/builder/DependencyState done
Event: 15.714 loading class org/gradle/api/internal/artifacts/ivyservice/resolveengine/graph/builder/SelectorState
Event: 15.714 loading class org/gradle/api/internal/artifacts/ivyservice/resolveengine/graph/builder/SelectorState done
Event: 15.726 loading class org/gradle/api/internal/artifacts/ivyservice/resolveengine/graph/builder/ResolveState$SelectorCacheKey
Event: 15.726 loading class org/gradle/api/internal/artifacts/ivyservice/resolveengine/graph/builder/ResolveState$SelectorCacheKey done
Event: 15.726 loading class org/gradle/api/internal/artifacts/ivyservice/resolveengine/graph/builder/ResolveState
Event: 15.726 loading class org/gradle/api/internal/artifacts/ivyservice/resolveengine/graph/builder/ResolveState done
Event: 15.727 loading class org/gradle/internal/resolve/result/BuildableComponentIdResolveResult
Event: 15.727 loading class org/gradle/internal/resolve/result/BuildableComponentIdResolveResult done
Event: 15.728 loading class org/gradle/internal/resolve/result/ComponentIdResolveResult
Event: 15.728 loading class org/gradle/internal/resolve/result/ComponentIdResolveResult done
Event: 15.729 loading class org/gradle/internal/component/model/DefaultComponentOverrideMetadata
Event: 15.729 loading class org/gradle/internal/component/model/DefaultComponentOverrideMetadata done


Dynamic libraries:
0x00007ff7a5140000 - 0x00007ff7a514a000 	C:\Program Files\Android\Android Studio\jre\bin\java.exe
0x00007ffc40210000 - 0x00007ffc40405000 	C:\Windows\SYSTEM32\ntdll.dll
0x00007ffc3eb50000 - 0x00007ffc3ec0d000 	C:\Windows\System32\KERNEL32.DLL
0x00007ffc3d950000 - 0x00007ffc3dc19000 	C:\Windows\System32\KERNELBASE.dll
0x00007ffc3df10000 - 0x00007ffc3e010000 	C:\Windows\System32\ucrtbase.dll
0x00007ffc16b00000 - 0x00007ffc16b19000 	C:\Program Files\Android\Android Studio\jre\bin\jli.dll
0x00007ffc16790000 - 0x00007ffc167a7000 	C:\Program Files\Android\Android Studio\jre\bin\VCRUNTIME140.dll
0x00007ffc3e470000 - 0x00007ffc3e610000 	C:\Windows\System32\USER32.dll
0x00007ffc3e250000 - 0x00007ffc3e272000 	C:\Windows\System32\win32u.dll
0x00007ffc228c0000 - 0x00007ffc22b5a000 	C:\Windows\WinSxS\amd64_microsoft.windows.common-controls_6595b64144ccf1df_6.0.19041.1052_none_60b8f8fd71f5e8cb\COMCTL32.dll
0x00007ffc3ecc0000 - 0x00007ffc3ecea000 	C:\Windows\System32\GDI32.dll
0x00007ffc400c0000 - 0x00007ffc4015e000 	C:\Windows\System32\msvcrt.dll
0x00007ffc3ddd0000 - 0x00007ffc3dedb000 	C:\Windows\System32\gdi32full.dll
0x00007ffc3e010000 - 0x00007ffc3e0ad000 	C:\Windows\System32\msvcp_win.dll
0x00007ffc3ede0000 - 0x00007ffc3ee10000 	C:\Windows\System32\IMM32.DLL
0x00007ffbfcca0000 - 0x00007ffbfcd3d000 	C:\Program Files\Android\Android Studio\jre\bin\msvcp140.dll
0x00007ffbf0e70000 - 0x00007ffbf193f000 	C:\Program Files\Android\Android Studio\jre\bin\server\jvm.dll
0x00007ffc3eaa0000 - 0x00007ffc3eb4c000 	C:\Windows\System32\ADVAPI32.dll
0x00007ffc3f470000 - 0x00007ffc3f50b000 	C:\Windows\System32\sechost.dll
0x00007ffc3e610000 - 0x00007ffc3e73a000 	C:\Windows\System32\RPCRT4.dll
0x00007ffc3ef80000 - 0x00007ffc3ef88000 	C:\Windows\System32\PSAPI.DLL
0x00007ffc28200000 - 0x00007ffc28227000 	C:\Windows\SYSTEM32\WINMM.dll
0x00007ffc37ec0000 - 0x00007ffc37eca000 	C:\Windows\SYSTEM32\VERSION.dll
0x00007ffc38ad0000 - 0x00007ffc38ad9000 	C:\Windows\SYSTEM32\WSOCK32.dll
0x00007ffc40160000 - 0x00007ffc401cb000 	C:\Windows\System32\WS2_32.dll
0x00007ffc3c240000 - 0x00007ffc3c252000 	C:\Windows\SYSTEM32\kernel.appcore.dll
0x00007ffc36e60000 - 0x00007ffc36e71000 	C:\Program Files\Android\Android Studio\jre\bin\verify.dll
0x00007ffc358e0000 - 0x00007ffc35ac4000 	C:\Windows\SYSTEM32\DBGHELP.DLL
0x00007ffc35690000 - 0x00007ffc356bc000 	C:\Windows\SYSTEM32\dbgcore.DLL
0x00007ffc3e160000 - 0x00007ffc3e1e3000 	C:\Windows\System32\bcryptPrimitives.dll
0x00007ffc25f60000 - 0x00007ffc25f89000 	C:\Program Files\Android\Android Studio\jre\bin\java.dll
0x00007ffc340c0000 - 0x00007ffc340cb000 	C:\Program Files\Android\Android Studio\jre\bin\jimage.dll
0x00007ffc25fe0000 - 0x00007ffc25ff8000 	C:\Program Files\Android\Android Studio\jre\bin\zip.dll
0x00007ffc3f980000 - 0x00007ffc400bf000 	C:\Windows\System32\SHELL32.dll
0x00007ffc3ba60000 - 0x00007ffc3c1f1000 	C:\Windows\SYSTEM32\windows.storage.dll
0x00007ffc3e740000 - 0x00007ffc3ea95000 	C:\Windows\System32\combase.dll
0x00007ffc3d2f0000 - 0x00007ffc3d31c000 	C:\Windows\SYSTEM32\Wldp.dll
0x00007ffc3ec10000 - 0x00007ffc3ecbe000 	C:\Windows\System32\SHCORE.dll
0x00007ffc3f070000 - 0x00007ffc3f0c5000 	C:\Windows\System32\shlwapi.dll
0x00007ffc3d890000 - 0x00007ffc3d8af000 	C:\Windows\SYSTEM32\profapi.dll
0x00007ffc1f220000 - 0x00007ffc1f23a000 	C:\Program Files\Android\Android Studio\jre\bin\net.dll
0x00007ffc2e400000 - 0x00007ffc2e50a000 	C:\Windows\SYSTEM32\WINHTTP.dll
0x00007ffc3d050000 - 0x00007ffc3d0ba000 	C:\Windows\system32\mswsock.dll
0x00007ffc1ecf0000 - 0x00007ffc1ed04000 	C:\Program Files\Android\Android Studio\jre\bin\nio.dll
0x00007ffc13d70000 - 0x00007ffc13d97000 	C:\Users\msi\.gradle\native\8bec1ad78214c89d9ad589b4d07fe93259594b29d510b10fafb7a158f7737e5d\windows-amd64\native-platform.dll
0x00007ffbfc850000 - 0x00007ffbfc98d000 	C:\Users\msi\.gradle\native\53dbd7edfb1c66fb8903c78663c9afc45aea4f116125fa6feffd364cf09443e8\windows-amd64\native-platform-file-events.dll
0x00007ffc29380000 - 0x00007ffc2938a000 	C:\Program Files\Android\Android Studio\jre\bin\management.dll
0x00007ffc29240000 - 0x00007ffc2924c000 	C:\Program Files\Android\Android Studio\jre\bin\management_ext.dll
0x00007ffc3d230000 - 0x00007ffc3d248000 	C:\Windows\SYSTEM32\CRYPTSP.dll
0x00007ffc3c9f0000 - 0x00007ffc3ca24000 	C:\Windows\system32\rsaenh.dll
0x00007ffc3dee0000 - 0x00007ffc3df07000 	C:\Windows\System32\bcrypt.dll
0x00007ffc3d850000 - 0x00007ffc3d87e000 	C:\Windows\SYSTEM32\USERENV.dll
0x00007ffc3d250000 - 0x00007ffc3d25c000 	C:\Windows\SYSTEM32\CRYPTBASE.dll
0x00007ffc3cd40000 - 0x00007ffc3cd7b000 	C:\Windows\SYSTEM32\IPHLPAPI.DLL
0x00007ffc3f330000 - 0x00007ffc3f338000 	C:\Windows\System32\NSI.dll
0x00007ffc36600000 - 0x00007ffc36617000 	C:\Windows\SYSTEM32\dhcpcsvc6.DLL
0x00007ffc36aa0000 - 0x00007ffc36abd000 	C:\Windows\SYSTEM32\dhcpcsvc.DLL
0x00007ffc3cd80000 - 0x00007ffc3ce4c000 	C:\Windows\SYSTEM32\DNSAPI.dll

dbghelp: loaded successfully - version: 4.0.5 - missing functions: none
symbol engine: initialized successfully - sym options: 0x614 - pdb path: .;C:\Program Files\Android\Android Studio\jre\bin;C:\Windows\SYSTEM32;C:\Windows\WinSxS\amd64_microsoft.windows.common-controls_6595b64144ccf1df_6.0.19041.1052_none_60b8f8fd71f5e8cb;C:\Program Files\Android\Android Studio\jre\bin\server;C:\Users\msi\.gradle\native\8bec1ad78214c89d9ad589b4d07fe93259594b29d510b10fafb7a158f7737e5d\windows-amd64;C:\Users\msi\.gradle\native\53dbd7edfb1c66fb8903c78663c9afc45aea4f116125fa6feffd364cf09443e8\windows-amd64

VM Arguments:
jvm_args: --add-opens=java.base/java.util=ALL-UNNAMED --add-opens=java.base/java.lang=ALL-UNNAMED --add-opens=java.base/java.lang.invoke=ALL-UNNAMED --add-opens=java.base/java.util=ALL-UNNAMED --add-opens=java.prefs/java.util.prefs=ALL-UNNAMED --add-opens=java.prefs/java.util.prefs=ALL-UNNAMED --add-opens=java.base/java.nio.charset=ALL-UNNAMED --add-opens=java.base/java.net=ALL-UNNAMED --add-opens=java.base/java.util.concurrent.atomic=ALL-UNNAMED -Xmx2048m -Dfile.encoding=UTF-8 -Duser.country=US -Duser.language=en -Duser.variant 
java_command: org.gradle.launcher.daemon.bootstrap.GradleDaemon 7.0.2
java_class_path (initial): C:\Users\msi\.gradle\wrapper\dists\gradle-7.0.2-bin\857tjihv64xamwrf0h14cai3r\gradle-7.0.2\lib\gradle-launcher-7.0.2.jar
Launcher Type: SUN_STANDARD

[Global flags]
     intx CICompilerCount                          = 4                                         {product} {ergonomic}
     uint ConcGCThreads                            = 2                                         {product} {ergonomic}
     uint G1ConcRefinementThreads                  = 8                                         {product} {ergonomic}
   size_t G1HeapRegionSize                         = 1048576                                   {product} {ergonomic}
    uintx GCDrainStackTargetSize                   = 64                                        {product} {ergonomic}
   size_t InitialHeapSize                          = 132120576                                 {product} {ergonomic}
   size_t MarkStackSize                            = 4194304                                   {product} {ergonomic}
   size_t MaxHeapSize                              = 2147483648                                {product} {command line}
   size_t MaxNewSize                               = 1287651328                                {product} {ergonomic}
   size_t MinHeapDeltaBytes                        = 1048576                                   {product} {ergonomic}
    uintx NonNMethodCodeHeapSize                   = 5836300                                {pd product} {ergonomic}
    uintx NonProfiledCodeHeapSize                  = 122910970                              {pd product} {ergonomic}
    uintx ProfiledCodeHeapSize                     = 122910970                              {pd product} {ergonomic}
    uintx ReservedCodeCacheSize                    = 251658240                              {pd product} {ergonomic}
     bool SegmentedCodeCache                       = true                                      {product} {ergonomic}
     bool UseCompressedClassPointers               = true                                 {lp64_product} {ergonomic}
     bool UseCompressedOops                        = true                                 {lp64_product} {ergonomic}
     bool UseG1GC                                  = true                                      {product} {ergonomic}
     bool UseLargePagesIndividualAllocation        = false                                  {pd product} {ergonomic}

Logging:
Log output configuration:
 #0: stdout all=warning uptime,level,tags
 #1: stderr all=off uptime,level,tags

Environment Variables:
PATH=C:\Python310\Scripts\;C:\Python310\;C:\Program Files\Common Files\Oracle\Java\javapath;C:\Windows\system32;C:\Windows;C:\Windows\System32\Wbem;C:\Windows\System32\WindowsPowerShell\v1.0\;C:\Windows\System32\OpenSSH\;C:\MinGW\bin;C:\Program Files\MiKTeX\miktex\bin\x64\;C:\src\flutter\bin;C:\src\dart-sdk;C:\Program Files\Git\cmd;C:\Program Files\nodejs\;C:\ProgramData\chocolatey\bin;C:\Program Files\MySQL\MySQL Shell 8.0\bin\;C:\Users\msi\AppData\Local\Programs\Python\Python39\Scripts\;C:\Users\msi\AppData\Local\Programs\Python\Python39\;C:\Users\msi\AppData\Local\Microsoft\WindowsApps;C:\Users\msi\AppData\Local\Programs\Microsoft VS Code\bin;C:\Program Files\JetBrains\IntelliJ IDEA Community Edition 2021.1.2\bin;;C:\Program Files\JetBrains\PyCharm Community Edition 2021.1.2\bin;;C:\src\flutter\bin;C:\src\dart-sdk;C:\Users\msi\AppData\Roaming\npm
USERNAME=msi
OS=Windows_NT
PROCESSOR_IDENTIFIER=Intel64 Family 6 Model 142 Stepping 12, GenuineIntel



---------------  S Y S T E M  ---------------

OS: Windows 10 , 64 bit Build 19041 (10.0.19041.1023)
OS uptime: 25 days 3:31 hours

CPU:total 8 (initial active 8) (4 cores per cpu, 2 threads per core) family 6 model 142 stepping 12 microcode 0xb8, cmov, cx8, fxsr, mmx, sse, sse2, sse3, ssse3, sse4.1, sse4.2, popcnt, avx, avx2, aes, clmul, erms, 3dnowpref, lzcnt, ht, tsc, tscinvbit, bmi1, bmi2, adx, fma

Memory: 4k page, system-wide physical 7995M (311M free)
TotalPageFile size 26668M (AvailPageFile size 0M)
current process WorkingSet (physical memory assigned to process): 251M, peak: 278M
current process commit charge ("private bytes"): 308M, peak: 331M

vm_info: OpenJDK 64-Bit Server VM (11.0.10+0-b96-7249189) for windows-amd64 JRE (11.0.10+0-b96-7249189), built on Mar 31 2021 21:44:00 by "builder" with MS VC++ 14.0 (VS2015)

END.
